{"C:\\resume-ai-analyzer\\frontend\\src\\firebase.js": {"path":"C:\\resume-ai-analyzer\\frontend\\src\\firebase.js","statementMap":{"0":{"start":{"line":6,"column":23},"end":{"line":14,"column":1}},"1":{"start":{"line":16,"column":11},"end":{"line":16,"column":41}},"2":{"start":{"line":17,"column":19},"end":{"line":17,"column":32}},"3":{"start":{"line":18,"column":17},"end":{"line":18,"column":35}}},"fnMap":{},"branchMap":{},"s":{"0":1,"1":1,"2":1,"3":1},"f":{},"b":{},"meta":{"lastBranch":0,"lastFunction":0,"lastStatement":4,"seen":{"s:6:23:14:1":0,"s:16:11:16:41":1,"s:17:19:17:32":2,"s:18:17:18:35":3},"fnNames":{}}}
,"C:\\resume-ai-analyzer\\frontend\\src\\components\\AuthProvider.jsx": {"path":"C:\\resume-ai-analyzer\\frontend\\src\\components\\AuthProvider.jsx","statementMap":{"0":{"start":{"line":6,"column":6},"end":{"line":6,"column":null}},"1":{"start":{"line":8,"column":13},"end":{"line":8,"column":null}},"2":{"start":{"line":11,"column":15},"end":{"line":11,"column":null}},"3":{"start":{"line":12,"column":18},"end":{"line":12,"column":null}},"4":{"start":{"line":13,"column":23},"end":{"line":13,"column":null}},"5":{"start":{"line":14,"column":25},"end":{"line":14,"column":null}},"6":{"start":{"line":16,"column":24},"end":{"line":44,"column":null}},"7":{"start":{"line":17,"column":4},"end":{"line":23,"column":null}},"8":{"start":{"line":18,"column":6},"end":{"line":18,"column":null}},"9":{"start":{"line":19,"column":6},"end":{"line":19,"column":null}},"10":{"start":{"line":20,"column":6},"end":{"line":20,"column":null}},"11":{"start":{"line":21,"column":6},"end":{"line":21,"column":null}},"12":{"start":{"line":22,"column":6},"end":{"line":22,"column":null}},"13":{"start":{"line":25,"column":4},"end":{"line":25,"column":null}},"14":{"start":{"line":26,"column":4},"end":{"line":26,"column":null}},"15":{"start":{"line":28,"column":4},"end":{"line":43,"column":null}},"16":{"start":{"line":30,"column":20},"end":{"line":30,"column":null}},"17":{"start":{"line":33,"column":18},"end":{"line":35,"column":null}},"18":{"start":{"line":36,"column":6},"end":{"line":36,"column":null}},"19":{"start":{"line":38,"column":6},"end":{"line":38,"column":null}},"20":{"start":{"line":39,"column":6},"end":{"line":39,"column":null}},"21":{"start":{"line":41,"column":6},"end":{"line":41,"column":null}},"22":{"start":{"line":42,"column":6},"end":{"line":42,"column":null}},"23":{"start":{"line":46,"column":25},"end":{"line":61,"column":null}},"24":{"start":{"line":47,"column":4},"end":{"line":47,"column":null}},"25":{"start":{"line":48,"column":4},"end":{"line":60,"column":null}},"26":{"start":{"line":49,"column":26},"end":{"line":49,"column":null}},"27":{"start":{"line":50,"column":6},"end":{"line":50,"column":null}},"28":{"start":{"line":50,"column":24},"end":{"line":50,"column":null}},"29":{"start":{"line":51,"column":20},"end":{"line":51,"column":null}},"30":{"start":{"line":52,"column":18},"end":{"line":54,"column":null}},"31":{"start":{"line":55,"column":6},"end":{"line":55,"column":null}},"32":{"start":{"line":57,"column":6},"end":{"line":57,"column":null}},"33":{"start":{"line":59,"column":6},"end":{"line":59,"column":null}},"34":{"start":{"line":63,"column":2},"end":{"line":68,"column":null}},"35":{"start":{"line":64,"column":10},"end":{"line":66,"column":null}},"36":{"start":{"line":65,"column":6},"end":{"line":65,"column":null}},"37":{"start":{"line":67,"column":4},"end":{"line":67,"column":null}},"38":{"start":{"line":67,"column":17},"end":{"line":67,"column":null}},"39":{"start":{"line":70,"column":2},"end":{"line":73,"column":null}}},"fnMap":{"0":{"name":"(anonymous_0)","decl":{"start":{"line":8,"column":13},"end":{"line":8,"column":29}},"loc":{"start":{"line":8,"column":13},"end":{"line":8,"column":null}},"line":8},"1":{"name":"AuthProvider","decl":{"start":{"line":10,"column":24},"end":{"line":10,"column":37}},"loc":{"start":{"line":10,"column":51},"end":{"line":75,"column":null}},"line":10},"2":{"name":"(anonymous_2)","decl":{"start":{"line":16,"column":24},"end":{"line":16,"column":31}},"loc":{"start":{"line":16,"column":47},"end":{"line":44,"column":null}},"line":16},"3":{"name":"(anonymous_3)","decl":{"start":{"line":46,"column":25},"end":{"line":46,"column":37}},"loc":{"start":{"line":46,"column":37},"end":{"line":61,"column":null}},"line":46},"4":{"name":"(anonymous_4)","decl":{"start":{"line":63,"column":2},"end":{"line":63,"column":18}},"loc":{"start":{"line":63,"column":18},"end":{"line":68,"column":5}},"line":63},"5":{"name":"(anonymous_5)","decl":{"start":{"line":64,"column":43},"end":{"line":64,"column":50}},"loc":{"start":{"line":64,"column":66},"end":{"line":66,"column":5}},"line":64},"6":{"name":"(anonymous_6)","decl":{"start":{"line":67,"column":4},"end":{"line":67,"column":17}},"loc":{"start":{"line":67,"column":17},"end":{"line":67,"column":null}},"line":67}},"branchMap":{"0":{"loc":{"start":{"line":17,"column":4},"end":{"line":23,"column":null}},"type":"if","locations":[{"start":{"line":17,"column":4},"end":{"line":23,"column":null}},{"start":{},"end":{}}],"line":17},"1":{"loc":{"start":{"line":50,"column":6},"end":{"line":50,"column":null}},"type":"if","locations":[{"start":{"line":50,"column":6},"end":{"line":50,"column":null}},{"start":{},"end":{}}],"line":50}},"s":{"0":1,"1":5,"2":5,"3":5,"4":5,"5":5,"6":5,"7":2,"8":1,"9":1,"10":1,"11":1,"12":1,"13":1,"14":1,"15":1,"16":1,"17":1,"18":1,"19":0,"20":0,"21":1,"22":1,"23":5,"24":0,"25":0,"26":0,"27":0,"28":0,"29":0,"30":0,"31":0,"32":0,"33":0,"34":5,"35":2,"36":2,"37":2,"38":2,"39":5},"f":{"0":5,"1":5,"2":2,"3":0,"4":2,"5":2,"6":2},"b":{"0":[1,1],"1":[0,0]},"meta":{"lastBranch":2,"lastFunction":7,"lastStatement":40,"seen":{"s:6:6:6:Infinity":0,"s:8:13:8:Infinity":1,"f:8:13:8:29":0,"f:10:24:10:37":1,"s:11:15:11:Infinity":2,"s:12:18:12:Infinity":3,"s:13:23:13:Infinity":4,"s:14:25:14:Infinity":5,"s:16:24:44:Infinity":6,"f:16:24:16:31":2,"b:17:4:23:Infinity:undefined:undefined:undefined:undefined":0,"s:17:4:23:Infinity":7,"s:18:6:18:Infinity":8,"s:19:6:19:Infinity":9,"s:20:6:20:Infinity":10,"s:21:6:21:Infinity":11,"s:22:6:22:Infinity":12,"s:25:4:25:Infinity":13,"s:26:4:26:Infinity":14,"s:28:4:43:Infinity":15,"s:30:20:30:Infinity":16,"s:33:18:35:Infinity":17,"s:36:6:36:Infinity":18,"s:38:6:38:Infinity":19,"s:39:6:39:Infinity":20,"s:41:6:41:Infinity":21,"s:42:6:42:Infinity":22,"s:46:25:61:Infinity":23,"f:46:25:46:37":3,"s:47:4:47:Infinity":24,"s:48:4:60:Infinity":25,"s:49:26:49:Infinity":26,"b:50:6:50:Infinity:undefined:undefined:undefined:undefined":1,"s:50:6:50:Infinity":27,"s:50:24:50:Infinity":28,"s:51:20:51:Infinity":29,"s:52:18:54:Infinity":30,"s:55:6:55:Infinity":31,"s:57:6:57:Infinity":32,"s:59:6:59:Infinity":33,"s:63:2:68:Infinity":34,"f:63:2:63:18":4,"s:64:10:66:Infinity":35,"f:64:43:64:50":5,"s:65:6:65:Infinity":36,"s:67:4:67:Infinity":37,"f:67:4:67:17":6,"s:67:17:67:Infinity":38,"s:70:2:73:Infinity":39},"fnNames":{}}}
,"C:\\resume-ai-analyzer\\frontend\\src\\components\\EmptyState.jsx": {"path":"C:\\resume-ai-analyzer\\frontend\\src\\components\\EmptyState.jsx","statementMap":{"0":{"start":{"line":12,"column":2},"end":{"line":39,"column":null}}},"fnMap":{"0":{"name":"EmptyState","decl":{"start":{"line":11,"column":24},"end":{"line":11,"column":35}},"loc":{"start":{"line":11,"column":73},"end":{"line":41,"column":null}},"line":11}},"branchMap":{"0":{"loc":{"start":{"line":33,"column":9},"end":{"line":36,"column":null}},"type":"binary-expr","locations":[{"start":{"line":33,"column":9},"end":{"line":33,"column":null}},{"start":{"line":34,"column":10},"end":{"line":36,"column":null}}],"line":33}},"s":{"0":2},"f":{"0":2},"b":{"0":[2,1]},"meta":{"lastBranch":1,"lastFunction":1,"lastStatement":1,"seen":{"f:11:24:11:35":0,"s:12:2:39:Infinity":0,"b:33:9:33:Infinity:34:10:36:Infinity":0},"fnNames":{}}}
,"C:\\resume-ai-analyzer\\frontend\\src\\components\\ErrorBoundary.jsx": {"path":"C:\\resume-ai-analyzer\\frontend\\src\\components\\ErrorBoundary.jsx","statementMap":{"0":{"start":{"line":30,"column":2},"end":{"line":32,"column":null}},"1":{"start":{"line":34,"column":2},"end":{"line":36,"column":null}},"2":{"start":{"line":6,"column":4},"end":{"line":6,"column":null}},"3":{"start":{"line":7,"column":4},"end":{"line":7,"column":null}},"4":{"start":{"line":8,"column":4},"end":{"line":8,"column":null}},"5":{"start":{"line":12,"column":4},"end":{"line":12,"column":null}},"6":{"start":{"line":16,"column":4},"end":{"line":19,"column":null}},"7":{"start":{"line":20,"column":4},"end":{"line":20,"column":null}},"8":{"start":{"line":24,"column":4},"end":{"line":27,"column":null}},"9":{"start":{"line":26,"column":6},"end":{"line":26,"column":null}},"10":{"start":{"line":31,"column":4},"end":{"line":31,"column":null}},"11":{"start":{"line":35,"column":4},"end":{"line":35,"column":null}},"12":{"start":{"line":39,"column":4},"end":{"line":98,"column":null}},"13":{"start":{"line":40,"column":6},"end":{"line":96,"column":null}},"14":{"start":{"line":100,"column":4},"end":{"line":100,"column":null}}},"fnMap":{"0":{"name":"constructor","decl":{"start":{"line":5,"column":2},"end":{"line":5,"column":14}},"loc":{"start":{"line":5,"column":21},"end":{"line":9,"column":null}},"line":5},"1":{"name":"getDerivedStateFromError","decl":{"start":{"line":11,"column":9},"end":{"line":11,"column":34}},"loc":{"start":{"line":11,"column":41},"end":{"line":13,"column":null}},"line":11},"2":{"name":"componentDidCatch","decl":{"start":{"line":15,"column":2},"end":{"line":15,"column":20}},"loc":{"start":{"line":15,"column":38},"end":{"line":21,"column":null}},"line":15},"3":{"name":"componentDidUpdate","decl":{"start":{"line":23,"column":2},"end":{"line":23,"column":21}},"loc":{"start":{"line":23,"column":43},"end":{"line":28,"column":null}},"line":23},"4":{"name":"(anonymous_4)","decl":{"start":{"line":30,"column":2},"end":{"line":30,"column":23}},"loc":{"start":{"line":30,"column":23},"end":{"line":32,"column":null}},"line":30},"5":{"name":"(anonymous_5)","decl":{"start":{"line":34,"column":2},"end":{"line":34,"column":23}},"loc":{"start":{"line":34,"column":23},"end":{"line":36,"column":null}},"line":34},"6":{"name":"render","decl":{"start":{"line":38,"column":2},"end":{"line":38,"column":11}},"loc":{"start":{"line":38,"column":11},"end":{"line":101,"column":null}},"line":38}},"branchMap":{"0":{"loc":{"start":{"line":24,"column":4},"end":{"line":27,"column":null}},"type":"if","locations":[{"start":{"line":24,"column":4},"end":{"line":27,"column":null}},{"start":{},"end":{}}],"line":24},"1":{"loc":{"start":{"line":24,"column":8},"end":{"line":24,"column":52}},"type":"binary-expr","locations":[{"start":{"line":24,"column":8},"end":{"line":24,"column":31}},{"start":{"line":24,"column":31},"end":{"line":24,"column":52}}],"line":24},"2":{"loc":{"start":{"line":39,"column":4},"end":{"line":98,"column":null}},"type":"if","locations":[{"start":{"line":39,"column":4},"end":{"line":98,"column":null}},{"start":{},"end":{}}],"line":39}},"s":{"0":0,"1":0,"2":4,"3":4,"4":4,"5":2,"6":1,"7":1,"8":1,"9":0,"10":0,"11":0,"12":6,"13":3,"14":3},"f":{"0":4,"1":3,"2":1,"3":1,"4":0,"5":0,"6":6},"b":{"0":[0,1],"1":[1,1],"2":[3,3]},"meta":{"lastBranch":3,"lastFunction":7,"lastStatement":15,"seen":{"s:30:2:32:Infinity":0,"s:34:2:36:Infinity":1,"f:5:2:5:14":0,"s:6:4:6:Infinity":2,"s:7:4:7:Infinity":3,"s:8:4:8:Infinity":4,"f:11:9:11:34":1,"s:12:4:12:Infinity":5,"f:15:2:15:20":2,"s:16:4:19:Infinity":6,"s:20:4:20:Infinity":7,"f:23:2:23:21":3,"b:24:4:27:Infinity:undefined:undefined:undefined:undefined":0,"s:24:4:27:Infinity":8,"b:24:8:24:31:24:31:24:52":1,"s:26:6:26:Infinity":9,"f:30:2:30:23":4,"s:31:4:31:Infinity":10,"f:34:2:34:23":5,"s:35:4:35:Infinity":11,"f:38:2:38:11":6,"b:39:4:98:Infinity:undefined:undefined:undefined:undefined":2,"s:39:4:98:Infinity":12,"s:40:6:96:Infinity":13,"s:100:4:100:Infinity":14},"fnNames":{}}}
,"C:\\resume-ai-analyzer\\frontend\\src\\components\\FullScreenLoader.jsx": {"path":"C:\\resume-ai-analyzer\\frontend\\src\\components\\FullScreenLoader.jsx","statementMap":{"0":{"start":{"line":4,"column":2},"end":{"line":17,"column":null}}},"fnMap":{"0":{"name":"FullScreenLoader","decl":{"start":{"line":3,"column":24},"end":{"line":3,"column":43}},"loc":{"start":{"line":3,"column":43},"end":{"line":19,"column":null}},"line":3}},"branchMap":{},"s":{"0":1},"f":{"0":1},"b":{},"meta":{"lastBranch":0,"lastFunction":1,"lastStatement":1,"seen":{"f:3:24:3:43":0,"s:4:2:17:Infinity":0},"fnNames":{}}}
,"C:\\resume-ai-analyzer\\frontend\\src\\components\\PageLoader.jsx": {"path":"C:\\resume-ai-analyzer\\frontend\\src\\components\\PageLoader.jsx","statementMap":{"0":{"start":{"line":4,"column":2},"end":{"line":11,"column":null}}},"fnMap":{"0":{"name":"PageLoader","decl":{"start":{"line":3,"column":24},"end":{"line":3,"column":37}},"loc":{"start":{"line":3,"column":37},"end":{"line":13,"column":null}},"line":3}},"branchMap":{},"s":{"0":1},"f":{"0":1},"b":{},"meta":{"lastBranch":0,"lastFunction":1,"lastStatement":1,"seen":{"f:3:24:3:37":0,"s:4:2:11:Infinity":0},"fnNames":{}}}
,"C:\\resume-ai-analyzer\\frontend\\src\\components\\ProtectedRoute.jsx": {"path":"C:\\resume-ai-analyzer\\frontend\\src\\components\\ProtectedRoute.jsx","statementMap":{"0":{"start":{"line":6,"column":6},"end":{"line":44,"column":null}},"1":{"start":{"line":7,"column":39},"end":{"line":7,"column":null}},"2":{"start":{"line":8,"column":8},"end":{"line":8,"column":null}},"3":{"start":{"line":11,"column":2},"end":{"line":13,"column":null}},"4":{"start":{"line":12,"column":4},"end":{"line":12,"column":null}},"5":{"start":{"line":16,"column":2},"end":{"line":18,"column":null}},"6":{"start":{"line":17,"column":4},"end":{"line":17,"column":null}},"7":{"start":{"line":21,"column":24},"end":{"line":21,"column":null}},"8":{"start":{"line":24,"column":2},"end":{"line":30,"column":null}},"9":{"start":{"line":25,"column":4},"end":{"line":28,"column":null}},"10":{"start":{"line":27,"column":6},"end":{"line":27,"column":null}},"11":{"start":{"line":29,"column":4},"end":{"line":29,"column":null}},"12":{"start":{"line":33,"column":2},"end":{"line":36,"column":null}},"13":{"start":{"line":35,"column":4},"end":{"line":35,"column":null}},"14":{"start":{"line":39,"column":2},"end":{"line":41,"column":null}},"15":{"start":{"line":40,"column":4},"end":{"line":40,"column":null}},"16":{"start":{"line":43,"column":2},"end":{"line":43,"column":null}}},"fnMap":{"0":{"name":"(anonymous_0)","decl":{"start":{"line":6,"column":6},"end":{"line":6,"column":24}},"loc":{"start":{"line":6,"column":77},"end":{"line":44,"column":null}},"line":6}},"branchMap":{"0":{"loc":{"start":{"line":6,"column":50},"end":{"line":6,"column":77}},"type":"default-arg","locations":[{"start":{"line":6,"column":65},"end":{"line":6,"column":77}}],"line":6},"1":{"loc":{"start":{"line":11,"column":2},"end":{"line":13,"column":null}},"type":"if","locations":[{"start":{"line":11,"column":2},"end":{"line":13,"column":null}},{"start":{},"end":{}}],"line":11},"2":{"loc":{"start":{"line":11,"column":6},"end":{"line":11,"column":60}},"type":"binary-expr","locations":[{"start":{"line":11,"column":6},"end":{"line":11,"column":23}},{"start":{"line":11,"column":23},"end":{"line":11,"column":31}},{"start":{"line":11,"column":31},"end":{"line":11,"column":43}},{"start":{"line":11,"column":43},"end":{"line":11,"column":60}}],"line":11},"3":{"loc":{"start":{"line":16,"column":2},"end":{"line":18,"column":null}},"type":"if","locations":[{"start":{"line":16,"column":2},"end":{"line":18,"column":null}},{"start":{},"end":{}}],"line":16},"4":{"loc":{"start":{"line":21,"column":24},"end":{"line":21,"column":null}},"type":"binary-expr","locations":[{"start":{"line":21,"column":24},"end":{"line":21,"column":57}},{"start":{"line":21,"column":57},"end":{"line":21,"column":null}}],"line":21},"5":{"loc":{"start":{"line":24,"column":2},"end":{"line":30,"column":null}},"type":"if","locations":[{"start":{"line":24,"column":2},"end":{"line":30,"column":null}},{"start":{},"end":{}}],"line":24},"6":{"loc":{"start":{"line":25,"column":4},"end":{"line":28,"column":null}},"type":"if","locations":[{"start":{"line":25,"column":4},"end":{"line":28,"column":null}},{"start":{},"end":{}}],"line":25},"7":{"loc":{"start":{"line":33,"column":2},"end":{"line":36,"column":null}},"type":"if","locations":[{"start":{"line":33,"column":2},"end":{"line":36,"column":null}},{"start":{},"end":{}}],"line":33},"8":{"loc":{"start":{"line":39,"column":2},"end":{"line":41,"column":null}},"type":"if","locations":[{"start":{"line":39,"column":2},"end":{"line":41,"column":null}},{"start":{},"end":{}}],"line":39},"9":{"loc":{"start":{"line":39,"column":6},"end":{"line":39,"column":60}},"type":"binary-expr","locations":[{"start":{"line":39,"column":6},"end":{"line":39,"column":22}},{"start":{"line":39,"column":22},"end":{"line":39,"column":60}}],"line":39}},"s":{"0":1,"1":4,"2":4,"3":4,"4":1,"5":3,"6":1,"7":2,"8":4,"9":0,"10":0,"11":0,"12":2,"13":1,"14":1,"15":0,"16":1},"f":{"0":4},"b":{"0":[4],"1":[1,3],"2":[4,3,2,0],"3":[1,2],"4":[2,1],"5":[0,4],"6":[0,0],"7":[1,1],"8":[0,1],"9":[1,1]},"meta":{"lastBranch":10,"lastFunction":1,"lastStatement":17,"seen":{"s:6:6:44:Infinity":0,"f:6:6:6:24":0,"b:6:65:6:77":0,"s:7:39:7:Infinity":1,"s:8:8:8:Infinity":2,"b:11:2:13:Infinity:undefined:undefined:undefined:undefined":1,"s:11:2:13:Infinity":3,"b:11:6:11:23:11:23:11:31:11:31:11:43:11:43:11:60":2,"s:12:4:12:Infinity":4,"b:16:2:18:Infinity:undefined:undefined:undefined:undefined":3,"s:16:2:18:Infinity":5,"s:17:4:17:Infinity":6,"s:21:24:21:Infinity":7,"b:21:24:21:57:21:57:21:Infinity":4,"b:24:2:30:Infinity:undefined:undefined:undefined:undefined":5,"s:24:2:30:Infinity":8,"b:25:4:28:Infinity:undefined:undefined:undefined:undefined":6,"s:25:4:28:Infinity":9,"s:27:6:27:Infinity":10,"s:29:4:29:Infinity":11,"b:33:2:36:Infinity:undefined:undefined:undefined:undefined":7,"s:33:2:36:Infinity":12,"s:35:4:35:Infinity":13,"b:39:2:41:Infinity:undefined:undefined:undefined:undefined":8,"s:39:2:41:Infinity":14,"b:39:6:39:22:39:22:39:60":9,"s:40:4:40:Infinity":15,"s:43:2:43:Infinity":16},"fnNames":{}}}
,"C:\\resume-ai-analyzer\\frontend\\src\\utils\\errors.js": {"path":"C:\\resume-ai-analyzer\\frontend\\src\\utils\\errors.js","statementMap":{"0":{"start":{"line":8,"column":39},"end":{"line":51,"column":1}},"1":{"start":{"line":9,"column":2},"end":{"line":11,"column":null}},"2":{"start":{"line":10,"column":4},"end":{"line":10,"column":null}},"3":{"start":{"line":14,"column":2},"end":{"line":16,"column":null}},"4":{"start":{"line":15,"column":4},"end":{"line":15,"column":null}},"5":{"start":{"line":17,"column":2},"end":{"line":19,"column":null}},"6":{"start":{"line":18,"column":4},"end":{"line":18,"column":null}},"7":{"start":{"line":21,"column":19},"end":{"line":21,"column":33}},"8":{"start":{"line":22,"column":2},"end":{"line":24,"column":null}},"9":{"start":{"line":23,"column":4},"end":{"line":23,"column":null}},"10":{"start":{"line":26,"column":17},"end":{"line":26,"column":32}},"11":{"start":{"line":27,"column":15},"end":{"line":27,"column":28}},"12":{"start":{"line":30,"column":17},"end":{"line":30,"column":103}},"13":{"start":{"line":32,"column":2},"end":{"line":50,"column":null}},"14":{"start":{"line":34,"column":6},"end":{"line":34,"column":null}},"15":{"start":{"line":36,"column":6},"end":{"line":36,"column":null}},"16":{"start":{"line":38,"column":6},"end":{"line":38,"column":null}},"17":{"start":{"line":40,"column":6},"end":{"line":40,"column":null}},"18":{"start":{"line":42,"column":6},"end":{"line":42,"column":null}},"19":{"start":{"line":47,"column":6},"end":{"line":47,"column":null}},"20":{"start":{"line":49,"column":6},"end":{"line":49,"column":null}}},"fnMap":{"0":{"name":"(anonymous_0)","decl":{"start":{"line":8,"column":39},"end":{"line":8,"column":40}},"loc":{"start":{"line":8,"column":50},"end":{"line":51,"column":1}},"line":8}},"branchMap":{"0":{"loc":{"start":{"line":9,"column":2},"end":{"line":11,"column":null}},"type":"if","locations":[{"start":{"line":9,"column":2},"end":{"line":11,"column":null}},{"start":{},"end":{}}],"line":9},"1":{"loc":{"start":{"line":14,"column":2},"end":{"line":16,"column":null}},"type":"if","locations":[{"start":{"line":14,"column":2},"end":{"line":16,"column":null}},{"start":{},"end":{}}],"line":14},"2":{"loc":{"start":{"line":14,"column":6},"end":{"line":14,"column":71}},"type":"binary-expr","locations":[{"start":{"line":14,"column":6},"end":{"line":14,"column":39}},{"start":{"line":14,"column":43},"end":{"line":14,"column":71}}],"line":14},"3":{"loc":{"start":{"line":17,"column":2},"end":{"line":19,"column":null}},"type":"if","locations":[{"start":{"line":17,"column":2},"end":{"line":19,"column":null}},{"start":{},"end":{}}],"line":17},"4":{"loc":{"start":{"line":17,"column":6},"end":{"line":17,"column":73}},"type":"binary-expr","locations":[{"start":{"line":17,"column":6},"end":{"line":17,"column":35}},{"start":{"line":17,"column":39},"end":{"line":17,"column":73}}],"line":17},"5":{"loc":{"start":{"line":22,"column":2},"end":{"line":24,"column":null}},"type":"if","locations":[{"start":{"line":22,"column":2},"end":{"line":24,"column":null}},{"start":{},"end":{}}],"line":22},"6":{"loc":{"start":{"line":23,"column":11},"end":{"line":23,"column":94}},"type":"binary-expr","locations":[{"start":{"line":23,"column":11},"end":{"line":23,"column":24}},{"start":{"line":23,"column":28},"end":{"line":23,"column":94}}],"line":23},"7":{"loc":{"start":{"line":30,"column":17},"end":{"line":30,"column":103}},"type":"binary-expr","locations":[{"start":{"line":30,"column":17},"end":{"line":30,"column":29}},{"start":{"line":30,"column":33},"end":{"line":30,"column":44}},{"start":{"line":30,"column":48},"end":{"line":30,"column":61}},{"start":{"line":30,"column":66},"end":{"line":30,"column":102}}],"line":30},"8":{"loc":{"start":{"line":30,"column":66},"end":{"line":30,"column":102}},"type":"cond-expr","locations":[{"start":{"line":30,"column":93},"end":{"line":30,"column":97}},{"start":{"line":30,"column":100},"end":{"line":30,"column":102}}],"line":30},"9":{"loc":{"start":{"line":32,"column":2},"end":{"line":50,"column":null}},"type":"switch","locations":[{"start":{"line":33,"column":4},"end":{"line":34,"column":null}},{"start":{"line":35,"column":4},"end":{"line":36,"column":null}},{"start":{"line":37,"column":4},"end":{"line":38,"column":null}},{"start":{"line":39,"column":4},"end":{"line":40,"column":null}},{"start":{"line":41,"column":4},"end":{"line":42,"column":null}},{"start":{"line":43,"column":4},"end":{"line":43,"column":null}},{"start":{"line":44,"column":4},"end":{"line":44,"column":null}},{"start":{"line":45,"column":4},"end":{"line":45,"column":null}},{"start":{"line":46,"column":4},"end":{"line":47,"column":null}},{"start":{"line":48,"column":4},"end":{"line":49,"column":null}}],"line":32},"10":{"loc":{"start":{"line":34,"column":13},"end":{"line":34,"column":86}},"type":"binary-expr","locations":[{"start":{"line":34,"column":13},"end":{"line":34,"column":19}},{"start":{"line":34,"column":23},"end":{"line":34,"column":86}}],"line":34},"11":{"loc":{"start":{"line":49,"column":13},"end":{"line":49,"column":79}},"type":"binary-expr","locations":[{"start":{"line":49,"column":13},"end":{"line":49,"column":19}},{"start":{"line":49,"column":23},"end":{"line":49,"column":79}}],"line":49}},"s":{"0":1,"1":12,"2":2,"3":10,"4":2,"5":8,"6":2,"7":6,"8":6,"9":0,"10":6,"11":6,"12":6,"13":12,"14":1,"15":1,"16":1,"17":1,"18":1,"19":1,"20":0},"f":{"0":12},"b":{"0":[2,10],"1":[2,8],"2":[10,9],"3":[2,6],"4":[8,7],"5":[0,6],"6":[0,0],"7":[6,5,5,5],"8":[0,5],"9":[1,1,1,1,1,1,1,1,1,0],"10":[1,0],"11":[0,0]},"meta":{"lastBranch":12,"lastFunction":1,"lastStatement":21,"seen":{"s:8:39:51:1":0,"f:8:39:8:40":0,"b:9:2:11:Infinity:undefined:undefined:undefined:undefined":0,"s:9:2:11:Infinity":1,"s:10:4:10:Infinity":2,"b:14:2:16:Infinity:undefined:undefined:undefined:undefined":1,"s:14:2:16:Infinity":3,"b:14:6:14:39:14:43:14:71":2,"s:15:4:15:Infinity":4,"b:17:2:19:Infinity:undefined:undefined:undefined:undefined":3,"s:17:2:19:Infinity":5,"b:17:6:17:35:17:39:17:73":4,"s:18:4:18:Infinity":6,"s:21:19:21:33":7,"b:22:2:24:Infinity:undefined:undefined:undefined:undefined":5,"s:22:2:24:Infinity":8,"s:23:4:23:Infinity":9,"b:23:11:23:24:23:28:23:94":6,"s:26:17:26:32":10,"s:27:15:27:28":11,"s:30:17:30:103":12,"b:30:17:30:29:30:33:30:44:30:48:30:61:30:66:30:102":7,"b:30:93:30:97:30:100:30:102":8,"b:33:4:34:Infinity:35:4:36:Infinity:37:4:38:Infinity:39:4:40:Infinity:41:4:42:Infinity:43:4:43:Infinity:44:4:44:Infinity:45:4:45:Infinity:46:4:47:Infinity:48:4:49:Infinity":9,"s:32:2:50:Infinity":13,"s:34:6:34:Infinity":14,"b:34:13:34:19:34:23:34:86":10,"s:36:6:36:Infinity":15,"s:38:6:38:Infinity":16,"s:40:6:40:Infinity":17,"s:42:6:42:Infinity":18,"s:47:6:47:Infinity":19,"s:49:6:49:Infinity":20,"b:49:13:49:19:49:23:49:79":11},"fnNames":{}}}
,"C:\\resume-ai-analyzer\\frontend\\src\\utils\\routes.js": {"path":"C:\\resume-ai-analyzer\\frontend\\src\\utils\\routes.js","statementMap":{"0":{"start":{"line":6,"column":35},"end":{"line":8,"column":1}},"1":{"start":{"line":7,"column":2},"end":{"line":7,"column":null}}},"fnMap":{"0":{"name":"(anonymous_0)","decl":{"start":{"line":6,"column":35},"end":{"line":6,"column":36}},"loc":{"start":{"line":6,"column":45},"end":{"line":8,"column":1}},"line":6}},"branchMap":{"0":{"loc":{"start":{"line":7,"column":9},"end":{"line":7,"column":56}},"type":"cond-expr","locations":[{"start":{"line":7,"column":32},"end":{"line":7,"column":42}},{"start":{"line":7,"column":45},"end":{"line":7,"column":56}}],"line":7}},"s":{"0":2,"1":4},"f":{"0":4},"b":{"0":[1,3]},"meta":{"lastBranch":1,"lastFunction":1,"lastStatement":2,"seen":{"s:6:35:8:1":0,"f:6:35:6:36":0,"s:7:2:7:Infinity":1,"b:7:32:7:42:7:45:7:56":0},"fnNames":{}}}
}
